
Circuit 1 cell sky130_fd_pr__nfet_01v8 and Circuit 2 cell sky130_fd_pr__nfet_01v8 are black boxes.
Equate elements:  no current cell.
Device classes sky130_fd_pr__nfet_01v8 and sky130_fd_pr__nfet_01v8 are equivalent.

Circuit 1 cell sky130_fd_pr__pfet_01v8 and Circuit 2 cell sky130_fd_pr__pfet_01v8 are black boxes.
Equate elements:  no current cell.
Device classes sky130_fd_pr__pfet_01v8 and sky130_fd_pr__pfet_01v8 are equivalent.
Flattening unmatched subcell sky130_fd_pr__nfet_01v8_KRUHEH in circuit /foss/designs/mag/Tg/Tg.spice (1)(1 instance)
Flattening unmatched subcell sky130_fd_pr__pfet_01v8_MDJ67A in circuit /foss/designs/mag/Tg/Tg.spice (1)(1 instance)

Subcircuit summary:
Circuit 1: /headless/.xschem/simulations/T |Circuit 2: /foss/designs/mag/Tg/Tg.spice   
-------------------------------------------|-------------------------------------------
sky130_fd_pr__nfet_01v8 (1)                |sky130_fd_pr__nfet_01v8 (1)                
sky130_fd_pr__pfet_01v8 (1)                |sky130_fd_pr__pfet_01v8 (1)                
Number of devices: 2                       |Number of devices: 2                       
Number of nets: 6                          |Number of nets: 6                          
---------------------------------------------------------------------------------------
Resolving symmetries by property value.
Resolving symmetries by pin name.
Resolving symmetries by net name.
Netlists match with 1 symmetry.
Cells have no pins;  pin matching not needed.
Device classes /headless/.xschem/simulations/TG.spice and /foss/designs/mag/Tg/Tg.spice are equivalent.

Final result: Circuits match uniquely.
.
