
Circuit 1 cell sky130_fd_pr__pfet_01v8 and Circuit 2 cell sky130_fd_pr__pfet_01v8 are black boxes.
Equate elements:  no current cell.
Device classes sky130_fd_pr__pfet_01v8 and sky130_fd_pr__pfet_01v8 are equivalent.

Circuit 1 cell sky130_fd_pr__nfet_01v8 and Circuit 2 cell sky130_fd_pr__nfet_01v8 are black boxes.
Equate elements:  no current cell.
Device classes sky130_fd_pr__nfet_01v8 and sky130_fd_pr__nfet_01v8 are equivalent.
Flattening unmatched subcell sky130_fd_pr__pfet_01v8_3UHD8Q in circuit /foss/designs/mag/inverter/inverter.spice (1)(1 instance)
Flattening unmatched subcell sky130_fd_pr__nfet_01v8_94VHSF in circuit /foss/designs/mag/inverter/inverter.spice (1)(1 instance)

Subcircuit summary:
Circuit 1: /headless/.xschem/simulations/i |Circuit 2: /foss/designs/mag/inverter/inve 
-------------------------------------------|-------------------------------------------
sky130_fd_pr__nfet_01v8 (1)                |sky130_fd_pr__nfet_01v8 (1)                
sky130_fd_pr__pfet_01v8 (1)                |sky130_fd_pr__pfet_01v8 (1)                
Number of devices: 2                       |Number of devices: 2                       
Number of nets: 4                          |Number of nets: 4                          
---------------------------------------------------------------------------------------
Netlists match uniquely.
Cells have no pins;  pin matching not needed.
Device classes /headless/.xschem/simulations/inverter.spice and /foss/designs/mag/inverter/inverter.spice are equivalent.

Final result: Circuits match uniquely.
.
