
Circuit 1 cell sky130_fd_pr__pfet_01v8 and Circuit 2 cell sky130_fd_pr__pfet_01v8 are black boxes.
Equate elements:  no current cell.
Device classes sky130_fd_pr__pfet_01v8 and sky130_fd_pr__pfet_01v8 are equivalent.

Circuit 1 cell sky130_fd_pr__nfet_01v8 and Circuit 2 cell sky130_fd_pr__nfet_01v8 are black boxes.
Equate elements:  no current cell.
Device classes sky130_fd_pr__nfet_01v8 and sky130_fd_pr__nfet_01v8 are equivalent.
Flattening unmatched subcell sky130_fd_pr__pfet_01v8_MDJ67A in circuit /foss/designs/mag/andgate/andgate.spice (1)(3 instances)
Flattening unmatched subcell sky130_fd_pr__nfet_01v8_VKD229 in circuit /foss/designs/mag/andgate/andgate.spice (1)(2 instances)
Flattening unmatched subcell sky130_fd_pr__nfet_01v8_KRUHEH in circuit /foss/designs/mag/andgate/andgate.spice (1)(1 instance)

Subcircuit summary:
Circuit 1: /headless/.xschem/simulations/a |Circuit 2: /foss/designs/mag/andgate/andga 
-------------------------------------------|-------------------------------------------
sky130_fd_pr__pfet_01v8 (3)                |sky130_fd_pr__pfet_01v8 (3)                
sky130_fd_pr__nfet_01v8 (3)                |sky130_fd_pr__nfet_01v8 (3)                
Number of devices: 6                       |Number of devices: 6                       
Number of nets: 7                          |Number of nets: 7                          
---------------------------------------------------------------------------------------
Netlists match uniquely.
Cells have no pins;  pin matching not needed.
Device classes /headless/.xschem/simulations/andgate.spice and /foss/designs/mag/andgate/andgate.spice are equivalent.

Final result: Circuits match uniquely.
.
