
Circuit 1 cell sky130_fd_pr__pfet_01v8 and Circuit 2 cell sky130_fd_pr__pfet_01v8 are black boxes.
Equate elements:  no current cell.
Device classes sky130_fd_pr__pfet_01v8 and sky130_fd_pr__pfet_01v8 are equivalent.

Circuit 1 cell sky130_fd_pr__nfet_01v8 and Circuit 2 cell sky130_fd_pr__nfet_01v8 are black boxes.
Equate elements:  no current cell.
Device classes sky130_fd_pr__nfet_01v8 and sky130_fd_pr__nfet_01v8 are equivalent.
Flattening unmatched subcell sky130_fd_pr__pfet_01v8_MDJ67A in circuit /foss/designs/mag/NOR/NOR.spice (1)(4 instances)
Flattening unmatched subcell sky130_fd_pr__nfet_01v8_KRUHEH in circuit /foss/designs/mag/NOR/NOR.spice (1)(2 instances)

Class /foss/designs/mag/NOR/NOR.spice (1):  Merged 2 parallel devices.
Subcircuit summary:
Circuit 1: /headless/.xschem/simulations/N |Circuit 2: /foss/designs/mag/NOR/NOR.spice 
-------------------------------------------|-------------------------------------------
sky130_fd_pr__nfet_01v8 (2)                |sky130_fd_pr__nfet_01v8 (2)                
sky130_fd_pr__pfet_01v8 (2)                |sky130_fd_pr__pfet_01v8 (4->2)             
Number of devices: 4                       |Number of devices: 4                       
Number of nets: 6                          |Number of nets: 6                          
---------------------------------------------------------------------------------------
Netlists match uniquely.
Cells have no pins;  pin matching not needed.
Device classes /headless/.xschem/simulations/NOR.spice and /foss/designs/mag/NOR/NOR.spice are equivalent.

Final result: Circuits match uniquely.
.
